Vivado Simulator 2019.1
Time resolution is 1 ps
XilinxAXIVIP: Found at Path: design_1_wrapper.design_1_i.processing_system7_0.inst.M_AXI_GP0.master
[0] : *ZYNQ_VIP_INFO : M_AXI_GP0 : Port is ENABLED.
XilinxAXIVIP: Found at Path: design_1_wrapper.design_1_i.processing_system7_0.inst.M_AXI_GP1.master
[0] : *ZYNQ_VIP_INFO : M_AXI_GP1 : Port is DISABLED.
XilinxAXIVIP: Found at Path: design_1_wrapper.design_1_i.processing_system7_0.inst.S_AXI_GP0.slave
[0] : *ZYNQ_VIP_INFO : S_AXI_GP0 : Port is ENABLED.
XilinxAXIVIP: Found at Path: design_1_wrapper.design_1_i.processing_system7_0.inst.S_AXI_GP1.slave
[0] : *ZYNQ_VIP_INFO : S_AXI_GP1 : Port is DISABLED.
XilinxAXIVIP: Found at Path: design_1_wrapper.design_1_i.processing_system7_0.inst.S_AXI_HP0.slave
[0] : *ZYNQ_VIP_INFO : S_AXI_HP0 : Port is ENABLED.
                   0 BEFORE checking line ...... x
                   0 AFTER checking line ...... x
XilinxAXIVIP: Found at Path: design_1_wrapper.design_1_i.processing_system7_0.inst.S_AXI_HP1.slave
[0] : *ZYNQ_VIP_INFO : S_AXI_HP1 : Port is DISABLED.
                   0 BEFORE checking line ...... x
                   0 AFTER checking line ...... x
XilinxAXIVIP: Found at Path: design_1_wrapper.design_1_i.processing_system7_0.inst.S_AXI_HP2.slave
[0] : *ZYNQ_VIP_INFO : S_AXI_HP2 : Port is DISABLED.
                   0 BEFORE checking line ...... x
                   0 AFTER checking line ...... x
XilinxAXIVIP: Found at Path: design_1_wrapper.design_1_i.processing_system7_0.inst.S_AXI_HP3.slave
[0] : *ZYNQ_VIP_INFO : S_AXI_HP3 : Port is DISABLED.
                   0 BEFORE checking line ...... x
                   0 AFTER checking line ...... x
XilinxAXIVIP: Found at Path: design_1_wrapper.design_1_i.processing_system7_0.inst.S_AXI_ACP.slave
[0] : *ZYNQ_VIP_INFO : S_AXI_ACP : Port is DISABLED.
                   0 else checking line ......x
Info: [XPM_MEMORY 20-1] MEMORY_PRIMITIVE (0) instructs Vivado Synthesis to choose the memory primitive type. Depending on their values, other XPM_MEMORY parameters may preclude the choice of certain memory primitive types. Review XPM_MEMORY documentation and parameter values to understand any limitations, or set MEMORY_PRIMITIVE to a different value. design_1_wrapper.design_1_i.spi_adc.U0.no_dual_quad_mode.QSPI_NORMAL.qspi_legacy_md_gen.QSPI_CORE_INTERFACE_I.fifo_exists.RX_FIFO_II.gnuram_async_fifo.xpm_fifo_base_inst.gen_sdpram.xpm_memory_base_inst.config_drc
Time: 1 ps  Iteration: 0  Process: /design_1_wrapper/design_1_i/spi_adc/U0/no_dual_quad_mode/QSPI_NORMAL/qspi_legacy_md_gen/QSPI_CORE_INTERFACE_I/fifo_exists/RX_FIFO_II/gnuram_async_fifo.xpm_fifo_base_inst/gen_sdpram.xpm_memory_base_inst/Initial290_3051  File: /wrk/2019.1/continuous/2019_05_24_2552052/packages/customer/vivado/data/ip/xpm/xpm_memory/hdl/xpm_memory.sv
Info: [XPM_MEMORY 20-1] MEMORY_PRIMITIVE (0) instructs Vivado Synthesis to choose the memory primitive type. Depending on their values, other XPM_MEMORY parameters may preclude the choice of certain memory primitive types. Review XPM_MEMORY documentation and parameter values to understand any limitations, or set MEMORY_PRIMITIVE to a different value. design_1_wrapper.design_1_i.spi_adc.U0.no_dual_quad_mode.QSPI_NORMAL.qspi_legacy_md_gen.QSPI_CORE_INTERFACE_I.fifo_exists.TX_FIFO_II.xpm_fifo_instance.xpm_fifo_async_inst.gnuram_async_fifo.xpm_fifo_base_inst.gen_sdpram.xpm_memory_base_inst.config_drc
Time: 1 ps  Iteration: 0  Process: /design_1_wrapper/design_1_i/spi_adc/U0/no_dual_quad_mode/QSPI_NORMAL/qspi_legacy_md_gen/QSPI_CORE_INTERFACE_I/fifo_exists/TX_FIFO_II/xpm_fifo_instance/xpm_fifo_async_inst/gnuram_async_fifo.xpm_fifo_base_inst/gen_sdpram.xpm_memory_base_inst/Initial290_3051  File: /wrk/2019.1/continuous/2019_05_24_2552052/packages/customer/vivado/data/ip/xpm/xpm_memory/hdl/xpm_memory.sv
Info: [XPM_MEMORY 20-1] MEMORY_PRIMITIVE (0) instructs Vivado Synthesis to choose the memory primitive type. Depending on their values, other XPM_MEMORY parameters may preclude the choice of certain memory primitive types. Review XPM_MEMORY documentation and parameter values to understand any limitations, or set MEMORY_PRIMITIVE to a different value. design_1_wrapper.design_1_i.spi_adc.U0.no_dual_quad_mode.QSPI_NORMAL.qspi_legacy_md_gen.QSPI_CORE_INTERFACE_I.logic_for_md_12_gen.SPI_MODE_1_LUT_LOGIC_I.qspi_look_up_mode_1_memory_1.xpm_mem_gen_qspi_look_up_mode_1_memory_1.xpm_memory_inst.xpm_memory_base_inst.config_drc
Time: 1 ps  Iteration: 0  Process: /design_1_wrapper/design_1_i/spi_adc/U0/no_dual_quad_mode/QSPI_NORMAL/qspi_legacy_md_gen/QSPI_CORE_INTERFACE_I/logic_for_md_12_gen/SPI_MODE_1_LUT_LOGIC_I/qspi_look_up_mode_1_memory_1/xpm_mem_gen_qspi_look_up_mode_1_memory_1/xpm_memory_inst/xpm_memory_base_inst/Initial290_3277  File: /wrk/2019.1/continuous/2019_05_24_2552052/packages/customer/vivado/data/ip/xpm/xpm_memory/hdl/xpm_memory.sv
Info: [XPM_MEMORY 20-1] MEMORY_PRIMITIVE (0) instructs Vivado Synthesis to choose the memory primitive type. Depending on their values, other XPM_MEMORY parameters may preclude the choice of certain memory primitive types. Review XPM_MEMORY documentation and parameter values to understand any limitations, or set MEMORY_PRIMITIVE to a different value. design_1_wrapper.design_1_i.spi_multidaq_dac.U0.no_dual_quad_mode.QSPI_NORMAL.qspi_legacy_md_gen.QSPI_CORE_INTERFACE_I.fifo_exists.RX_FIFO_II.gnuram_async_fifo.xpm_fifo_base_inst.gen_sdpram.xpm_memory_base_inst.config_drc
Time: 1 ps  Iteration: 0  Process: /design_1_wrapper/design_1_i/spi_multidaq_dac/U0/no_dual_quad_mode/QSPI_NORMAL/qspi_legacy_md_gen/QSPI_CORE_INTERFACE_I/fifo_exists/RX_FIFO_II/gnuram_async_fifo.xpm_fifo_base_inst/gen_sdpram.xpm_memory_base_inst/Initial290_3315  File: /wrk/2019.1/continuous/2019_05_24_2552052/packages/customer/vivado/data/ip/xpm/xpm_memory/hdl/xpm_memory.sv
Info: [XPM_MEMORY 20-1] MEMORY_PRIMITIVE (0) instructs Vivado Synthesis to choose the memory primitive type. Depending on their values, other XPM_MEMORY parameters may preclude the choice of certain memory primitive types. Review XPM_MEMORY documentation and parameter values to understand any limitations, or set MEMORY_PRIMITIVE to a different value. design_1_wrapper.design_1_i.spi_multidaq_dac.U0.no_dual_quad_mode.QSPI_NORMAL.qspi_legacy_md_gen.QSPI_CORE_INTERFACE_I.fifo_exists.TX_FIFO_II.xpm_fifo_instance.xpm_fifo_async_inst.gnuram_async_fifo.xpm_fifo_base_inst.gen_sdpram.xpm_memory_base_inst.config_drc
Time: 1 ps  Iteration: 0  Process: /design_1_wrapper/design_1_i/spi_multidaq_dac/U0/no_dual_quad_mode/QSPI_NORMAL/qspi_legacy_md_gen/QSPI_CORE_INTERFACE_I/fifo_exists/TX_FIFO_II/xpm_fifo_instance/xpm_fifo_async_inst/gnuram_async_fifo.xpm_fifo_base_inst/gen_sdpram.xpm_memory_base_inst/Initial290_3315  File: /wrk/2019.1/continuous/2019_05_24_2552052/packages/customer/vivado/data/ip/xpm/xpm_memory/hdl/xpm_memory.sv
